<?xml version="1.0" encoding="UTF-8"?>
<!-- Generated by org.testng.reporters.JUnitReportReporter -->
<testsuite skipped="0" hostname="DESKTOP-C5RJ1HC" name="TestManager.RegistrationTest" tests="1" failures="0" timestamp="2019-11-21T11:29:13 IST" time="12.932" errors="0">
  <testcase name="mainpage_menubar_element_display_test02" time="12.932" classname="TestManager.RegistrationTest"/>
</testsuite> <!-- TestManager.RegistrationTest -->
