<?xml version="1.0" encoding="UTF-8"?>
<!-- Generated by org.testng.reporters.JUnitReportReporter -->
<testsuite skipped="0" hostname="DESKTOP-C5RJ1HC" name="TestManager.MainpageTest" tests="1" failures="0" timestamp="2019-11-20T17:41:19 IST" time="5.551" errors="0">
  <testcase name="mainpage_menubar_element_display_test01" time="5.551" classname="TestManager.MainpageTest"/>
</testsuite> <!-- TestManager.MainpageTest -->
