<?xml version="1.0" encoding="UTF-8"?>
<!-- Generated by org.testng.reporters.JUnitReportReporter -->
<testsuite name="TestManager.TicketBookingTest" tests="1" time="50.897" ignored="0" failures="0" timestamp="25 Dec 2019 11:45:38 GMT" skipped="0" hostname="DESKTOP-C5RJ1HC" errors="0">
  <testcase name="test1" time="50.897" classname="TestManager.TicketBookingTest"/>
</testsuite> <!-- TestManager.TicketBookingTest -->
